Arguments: 
  /home/nicholasess/.nvm/versions/node/v8.5.0/bin/node /usr/local/bin/yarn install --ignore-engines

PATH: 
  /home/nicholasess/.nvm/versions/node/v8.5.0/bin:/home/nicholasess/bin:/home/nicholasess/.local/bin:/usr/local/sbin:/usr/local/bin:/usr/sbin:/usr/bin:/sbin:/bin:/usr/games:/usr/local/games:/usr/lib/jvm/java-8-oracle/bin:/usr/lib/jvm/java-8-oracle/db/bin:/usr/lib/jvm/java-8-oracle/jre/bin

Yarn version: 
  1.3.2

Node version: 
  8.5.0

Platform: 
  linux x64

npm manifest: 
  {
    "name": "ecommerce",
    "version": "1.0.0",
    "description": "",
    "main": "index.js",
    "scripts": {
      "test": "echo \"Error: no test specified\" && exit 1"
    },
    "author": "",
    "license": "ISC",
  "dependencies": {
      "babel-cli": "^6.24.1",
      "babel-core": "^6.25.0",
      "babel-preset-es2015": "^6.24.1",
      "babel-preset-react": "^6.24.1",
      "express": "5.0.0-alpha.5",
      "react": "latest",
      "react-dom": "latest",
      "react-router-dom": "latest"
    },
    "devDependencies": {
      "babel-loader": "^7.1.1",
      "babel-register": "^6.24.1",
      "nodemon": "^1.11.0",
      "webpack": "^3.0.0",
      "webpack-node-externals": "^1.6.0"
    }
  }

yarn manifest: 
  No manifest

Lockfile: 
  No lockfile

Trace: 
  Error: EACCES: permission denied, mkdir '/home/nicholasess/ecommerce/node_modules/base/node_modules/is-accessor-descriptor'
